<?xml version="1.0" encoding="UTF-8"?>
<!-- Generated by org.testng.reporters.JUnitReportReporter -->
<testsuite skipped="0" hostname="ZIL044" name="com.perficient.magento.testcase.login.TC02InvalidMagentoLoginTest" tests="1" failures="0" timestamp="04 Aug 2017 08:54:21 GMT" time="61.551" errors="0">
  <testcase name="testSearch" time="61.551" classname="com.perficient.magento.testcase.login.TC02InvalidMagentoLoginTest"/>
</testsuite> <!-- com.perficient.magento.testcase.login.TC02InvalidMagentoLoginTest -->
