<?xml version="1.0" encoding="UTF-8"?>
<!-- Generated by org.testng.reporters.JUnitReportReporter -->
<testsuite skipped="0" hostname="ZIL323" name="com.perficient.magento.testcase.login.TC01MagentoLoginTest" tests="1" failures="0" timestamp="17 Aug 2017 12:41:06 GMT" time="53.216" errors="0">
  <testcase name="test01ValidCredential" time="53.216" classname="com.perficient.magento.testcase.login.TC01MagentoLoginTest"/>
</testsuite> <!-- com.perficient.magento.testcase.login.TC01MagentoLoginTest -->
