<?xml version="1.0" encoding="UTF-8"?>
<!-- Generated by org.testng.reporters.JUnitReportReporter -->
<testsuite skipped="0" hostname="ZIL044" name="com.perficient.magento.testcase.login.TC05RegistrationMagentoTest" tests="1" failures="0" timestamp="04 Aug 2017 07:51:58 GMT" time="43.248" errors="0">
  <testcase name="testSearch" time="43.248" classname="com.perficient.magento.testcase.login.TC05RegistrationMagentoTest"/>
</testsuite> <!-- com.perficient.magento.testcase.login.TC05RegistrationMagentoTest -->
